<?xml version="1.0" encoding="UTF-8"?>
<!-- Generated by org.testng.reporters.JUnitReportReporter -->
<testsuite hostname="03-001-0009923" name="com.shegula.pages.SkorozvonTests" tests="1" failures="0" timestamp="7 Feb 2014 14:38:18 GMT" time="17.618" errors="0">
  <testcase name="testLogin" time="17.618" classname="com.shegula.pages.SkorozvonTests"/>
</testsuite> <!-- com.shegula.pages.SkorozvonTests -->
