<?xml version="1.0" encoding="UTF-8"?>
<!-- Generated by org.testng.reporters.JUnitReportReporter -->
<testsuite hostname="03-001-0009923" name="com.shegula.pages.SkorozvonTests" tests="1" failures="1" timestamp="7 Feb 2014 08:31:07 GMT" time="0.000" errors="0">
  <testcase name="testLogin" time="0.000" classname="com.shegula.pages.SkorozvonTests">
    <failure type="org.openqa.selenium.WebDriverException" message="java.net.MalformedURLException: no protocol: /
Build info: version: &#039;2.39.0&#039;, revision: &#039;14fa800511cc5d66d426e08b0b2ab926c7ed7398&#039;, time: &#039;2013-12-16 13:18:38&#039;
System info: host: &#039;03-001-0009923&#039;, ip: &#039;10.203.1.23&#039;, os.name: &#039;Windows 7&#039;, os.arch: &#039;amd64&#039;, os.version: &#039;6.1&#039;, java.version: &#039;1.7.0_17&#039;
Driver info: driver.version: HtmlUnitDriver">
      <![CDATA[org.openqa.selenium.WebDriverException: java.net.MalformedURLException: no protocol: /
Build info: version: '2.39.0', revision: '14fa800511cc5d66d426e08b0b2ab926c7ed7398', time: '2013-12-16 13:18:38'
System info: host: '03-001-0009923', ip: '10.203.1.23', os.name: 'Windows 7', os.arch: 'amd64', os.version: '6.1', java.version: '1.7.0_17'
Driver info: driver.version: HtmlUnitDriver
	at org.openqa.selenium.htmlunit.HtmlUnitDriver.get(HtmlUnitDriver.java:460)
	at com.shegula.pages.SkorozvonTests.testInit(SkorozvonTests.java:23)
	at sun.reflect.NativeMethodAccessorImpl.invoke0(Native Method)
	at sun.reflect.NativeMethodAccessorImpl.invoke(Unknown Source)
	at sun.reflect.DelegatingMethodAccessorImpl.invoke(Unknown Source)
	at java.lang.reflect.Method.invoke(Unknown Source)
	at org.testng.internal.MethodInvocationHelper.invokeMethod(MethodInvocationHelper.java:84)
	at org.testng.internal.Invoker.invokeConfigurationMethod(Invoker.java:564)
	at org.testng.internal.Invoker.invokeConfigurations(Invoker.java:213)
	at org.testng.internal.Invoker.invokeConfigurations(Invoker.java:138)
	at org.testng.internal.TestMethodWorker.invokeBeforeClassMethods(TestMethodWorker.java:175)
	at org.testng.internal.TestMethodWorker.run(TestMethodWorker.java:107)
	at org.testng.TestRunner.privateRun(TestRunner.java:767)
	at org.testng.TestRunner.run(TestRunner.java:617)
	at org.testng.SuiteRunner.runTest(SuiteRunner.java:334)
	at org.testng.SuiteRunner.runSequentially(SuiteRunner.java:329)
	at org.testng.SuiteRunner.privateRun(SuiteRunner.java:291)
	at org.testng.SuiteRunner.run(SuiteRunner.java:240)
	at org.testng.SuiteRunnerWorker.runSuite(SuiteRunnerWorker.java:52)
	at org.testng.SuiteRunnerWorker.run(SuiteRunnerWorker.java:86)
	at org.testng.TestNG.runSuitesSequentially(TestNG.java:1224)
	at org.testng.TestNG.runSuitesLocally(TestNG.java:1149)
	at org.testng.TestNG.run(TestNG.java:1057)
	at org.testng.remote.RemoteTestNG.run(RemoteTestNG.java:111)
	at org.testng.remote.RemoteTestNG.initAndRun(RemoteTestNG.java:204)
	at org.testng.remote.RemoteTestNG.main(RemoteTestNG.java:175)
Caused by: java.net.MalformedURLException: no protocol: /
	at java.net.URL.<init>(Unknown Source)
	at java.net.URL.<init>(Unknown Source)
	at java.net.URL.<init>(Unknown Source)
	at org.openqa.selenium.htmlunit.HtmlUnitDriver.get(HtmlUnitDriver.java:458)
	... 25 more
]]>
    </failure>
  </testcase> <!-- testLogin -->
</testsuite> <!-- com.shegula.pages.SkorozvonTests -->
